This is pdfTeX, Version 3.14159265-2.6-1.40.16 (TeX Live 2015/Debian) (preloaded format=pdflatex 2017.8.26)  3 DEC 2017 22:56
entering extended mode
 restricted \write18 enabled.
 %&-line parsing enabled.
**main.tex
(./main.tex
LaTeX2e <2016/02/01>
Babel <3.9q> and hyphenation patterns for 5 language(s) loaded.
(./Thesis.cls
Document Class: Thesis 2014/08/21 v1.0 LaTeX document class
(/usr/share/texlive/texmf-dist/tex/latex/base/book.cls
Document Class: book 2014/09/29 v1.4h Standard LaTeX document class
(/usr/share/texlive/texmf-dist/tex/latex/base/bk11.clo
File: bk11.clo 2014/09/29 v1.4h Standard LaTeX file (size option)
)
\c@part=\count79
\c@chapter=\count80
\c@section=\count81
\c@subsection=\count82
\c@subsubsection=\count83
\c@paragraph=\count84
\c@subparagraph=\count85
\c@figure=\count86
\c@table=\count87
\abovecaptionskip=\skip41
\belowcaptionskip=\skip42
\bibindent=\dimen102
)
(/usr/share/texlive/texmf-dist/tex/latex/setspace/setspace.sty
Package: setspace 2011/12/19 v6.7a set line spacing
)
(/usr/share/texlive/texmf-dist/tex/latex/vmargin/vmargin.sty
Package: vmargin 2004/07/15 V2.5 set document margins (VK)

Package: vmargin 2004/07/15 V2.5 set document margins (VK)
\PaperWidth=\dimen103
\PaperHeight=\dimen104
) (/usr/share/texlive/texmf-dist/tex/latex/base/inputenc.sty
Package: inputenc 2015/03/17 v1.2c Input encoding file
\inpenc@prehook=\toks14
\inpenc@posthook=\toks15

(/usr/share/texlive/texmf-dist/tex/latex/base/utf8.def
File: utf8.def 2015/12/03 v1.1r UTF-8 support for inputenc
Now handling font encoding OML ...
... no UTF-8 mapping file for font encoding OML
Now handling font encoding T1 ...
... processing UTF-8 mapping file for font encoding T1

(/usr/share/texlive/texmf-dist/tex/latex/base/t1enc.dfu
File: t1enc.dfu 2015/12/03 v1.1r UTF-8 support for inputenc
   defining Unicode char U+00A0 (decimal 160)
   defining Unicode char U+00A1 (decimal 161)
   defining Unicode char U+00A3 (decimal 163)
   defining Unicode char U+00AB (decimal 171)
   defining Unicode char U+00AD (decimal 173)
   defining Unicode char U+00BB (decimal 187)
   defining Unicode char U+00BF (decimal 191)
   defining Unicode char U+00C0 (decimal 192)
   defining Unicode char U+00C1 (decimal 193)
   defining Unicode char U+00C2 (decimal 194)
   defining Unicode char U+00C3 (decimal 195)
   defining Unicode char U+00C4 (decimal 196)
   defining Unicode char U+00C5 (decimal 197)
   defining Unicode char U+00C6 (decimal 198)
   defining Unicode char U+00C7 (decimal 199)
   defining Unicode char U+00C8 (decimal 200)
   defining Unicode char U+00C9 (decimal 201)
   defining Unicode char U+00CA (decimal 202)
   defining Unicode char U+00CB (decimal 203)
   defining Unicode char U+00CC (decimal 204)
   defining Unicode char U+00CD (decimal 205)
   defining Unicode char U+00CE (decimal 206)
   defining Unicode char U+00CF (decimal 207)
   defining Unicode char U+00D0 (decimal 208)
   defining Unicode char U+00D1 (decimal 209)
   defining Unicode char U+00D2 (decimal 210)
   defining Unicode char U+00D3 (decimal 211)
   defining Unicode char U+00D4 (decimal 212)
   defining Unicode char U+00D5 (decimal 213)
   defining Unicode char U+00D6 (decimal 214)
   defining Unicode char U+00D8 (decimal 216)
   defining Unicode char U+00D9 (decimal 217)
   defining Unicode char U+00DA (decimal 218)
   defining Unicode char U+00DB (decimal 219)
   defining Unicode char U+00DC (decimal 220)
   defining Unicode char U+00DD (decimal 221)
   defining Unicode char U+00DE (decimal 222)
   defining Unicode char U+00DF (decimal 223)
   defining Unicode char U+00E0 (decimal 224)
   defining Unicode char U+00E1 (decimal 225)
   defining Unicode char U+00E2 (decimal 226)
   defining Unicode char U+00E3 (decimal 227)
   defining Unicode char U+00E4 (decimal 228)
   defining Unicode char U+00E5 (decimal 229)
   defining Unicode char U+00E6 (decimal 230)
   defining Unicode char U+00E7 (decimal 231)
   defining Unicode char U+00E8 (decimal 232)
   defining Unicode char U+00E9 (decimal 233)
   defining Unicode char U+00EA (decimal 234)
   defining Unicode char U+00EB (decimal 235)
   defining Unicode char U+00EC (decimal 236)
   defining Unicode char U+00ED (decimal 237)
   defining Unicode char U+00EE (decimal 238)
   defining Unicode char U+00EF (decimal 239)
   defining Unicode char U+00F0 (decimal 240)
   defining Unicode char U+00F1 (decimal 241)
   defining Unicode char U+00F2 (decimal 242)
   defining Unicode char U+00F3 (decimal 243)
   defining Unicode char U+00F4 (decimal 244)
   defining Unicode char U+00F5 (decimal 245)
   defining Unicode char U+00F6 (decimal 246)
   defining Unicode char U+00F8 (decimal 248)
   defining Unicode char U+00F9 (decimal 249)
   defining Unicode char U+00FA (decimal 250)
   defining Unicode char U+00FB (decimal 251)
   defining Unicode char U+00FC (decimal 252)
   defining Unicode char U+00FD (decimal 253)
   defining Unicode char U+00FE (decimal 254)
   defining Unicode char U+00FF (decimal 255)
   defining Unicode char U+0100 (decimal 256)
   defining Unicode char U+0101 (decimal 257)
   defining Unicode char U+0102 (decimal 258)
   defining Unicode char U+0103 (decimal 259)
   defining Unicode char U+0104 (decimal 260)
   defining Unicode char U+0105 (decimal 261)
   defining Unicode char U+0106 (decimal 262)
   defining Unicode char U+0107 (decimal 263)
   defining Unicode char U+0108 (decimal 264)
   defining Unicode char U+0109 (decimal 265)
   defining Unicode char U+010A (decimal 266)
   defining Unicode char U+010B (decimal 267)
   defining Unicode char U+010C (decimal 268)
   defining Unicode char U+010D (decimal 269)
   defining Unicode char U+010E (decimal 270)
   defining Unicode char U+010F (decimal 271)
   defining Unicode char U+0110 (decimal 272)
   defining Unicode char U+0111 (decimal 273)
   defining Unicode char U+0112 (decimal 274)
   defining Unicode char U+0113 (decimal 275)
   defining Unicode char U+0114 (decimal 276)
   defining Unicode char U+0115 (decimal 277)
   defining Unicode char U+0116 (decimal 278)
   defining Unicode char U+0117 (decimal 279)
   defining Unicode char U+0118 (decimal 280)
   defining Unicode char U+0119 (decimal 281)
   defining Unicode char U+011A (decimal 282)
   defining Unicode char U+011B (decimal 283)
   defining Unicode char U+011C (decimal 284)
   defining Unicode char U+011D (decimal 285)
   defining Unicode char U+011E (decimal 286)
   defining Unicode char U+011F (decimal 287)
   defining Unicode char U+0120 (decimal 288)
   defining Unicode char U+0121 (decimal 289)
   defining Unicode char U+0122 (decimal 290)
   defining Unicode char U+0123 (decimal 291)
   defining Unicode char U+0124 (decimal 292)
   defining Unicode char U+0125 (decimal 293)
   defining Unicode char U+0128 (decimal 296)
   defining Unicode char U+0129 (decimal 297)
   defining Unicode char U+012A (decimal 298)
   defining Unicode char U+012B (decimal 299)
   defining Unicode char U+012C (decimal 300)
   defining Unicode char U+012D (decimal 301)
   defining Unicode char U+012E (decimal 302)
   defining Unicode char U+012F (decimal 303)
   defining Unicode char U+0130 (decimal 304)
   defining Unicode char U+0131 (decimal 305)
   defining Unicode char U+0132 (decimal 306)
   defining Unicode char U+0133 (decimal 307)
   defining Unicode char U+0134 (decimal 308)
   defining Unicode char U+0135 (decimal 309)
   defining Unicode char U+0136 (decimal 310)
   defining Unicode char U+0137 (decimal 311)
   defining Unicode char U+0139 (decimal 313)
   defining Unicode char U+013A (decimal 314)
   defining Unicode char U+013B (decimal 315)
   defining Unicode char U+013C (decimal 316)
   defining Unicode char U+013D (decimal 317)
   defining Unicode char U+013E (decimal 318)
   defining Unicode char U+0141 (decimal 321)
   defining Unicode char U+0142 (decimal 322)
   defining Unicode char U+0143 (decimal 323)
   defining Unicode char U+0144 (decimal 324)
   defining Unicode char U+0145 (decimal 325)
   defining Unicode char U+0146 (decimal 326)
   defining Unicode char U+0147 (decimal 327)
   defining Unicode char U+0148 (decimal 328)
   defining Unicode char U+014A (decimal 330)
   defining Unicode char U+014B (decimal 331)
   defining Unicode char U+014C (decimal 332)
   defining Unicode char U+014D (decimal 333)
   defining Unicode char U+014E (decimal 334)
   defining Unicode char U+014F (decimal 335)
   defining Unicode char U+0150 (decimal 336)
   defining Unicode char U+0151 (decimal 337)
   defining Unicode char U+0152 (decimal 338)
   defining Unicode char U+0153 (decimal 339)
   defining Unicode char U+0154 (decimal 340)
   defining Unicode char U+0155 (decimal 341)
   defining Unicode char U+0156 (decimal 342)
   defining Unicode char U+0157 (decimal 343)
   defining Unicode char U+0158 (decimal 344)
   defining Unicode char U+0159 (decimal 345)
   defining Unicode char U+015A (decimal 346)
   defining Unicode char U+015B (decimal 347)
   defining Unicode char U+015C (decimal 348)
   defining Unicode char U+015D (decimal 349)
   defining Unicode char U+015E (decimal 350)
   defining Unicode char U+015F (decimal 351)
   defining Unicode char U+0160 (decimal 352)
   defining Unicode char U+0161 (decimal 353)
   defining Unicode char U+0162 (decimal 354)
   defining Unicode char U+0163 (decimal 355)
   defining Unicode char U+0164 (decimal 356)
   defining Unicode char U+0165 (decimal 357)
   defining Unicode char U+0168 (decimal 360)
   defining Unicode char U+0169 (decimal 361)
   defining Unicode char U+016A (decimal 362)
   defining Unicode char U+016B (decimal 363)
   defining Unicode char U+016C (decimal 364)
   defining Unicode char U+016D (decimal 365)
   defining Unicode char U+016E (decimal 366)
   defining Unicode char U+016F (decimal 367)
   defining Unicode char U+0170 (decimal 368)
   defining Unicode char U+0171 (decimal 369)
   defining Unicode char U+0172 (decimal 370)
   defining Unicode char U+0173 (decimal 371)
   defining Unicode char U+0174 (decimal 372)
   defining Unicode char U+0175 (decimal 373)
   defining Unicode char U+0176 (decimal 374)
   defining Unicode char U+0177 (decimal 375)
   defining Unicode char U+0178 (decimal 376)
   defining Unicode char U+0179 (decimal 377)
   defining Unicode char U+017A (decimal 378)
   defining Unicode char U+017B (decimal 379)
   defining Unicode char U+017C (decimal 380)
   defining Unicode char U+017D (decimal 381)
   defining Unicode char U+017E (decimal 382)
   defining Unicode char U+01CD (decimal 461)
   defining Unicode char U+01CE (decimal 462)
   defining Unicode char U+01CF (decimal 463)
   defining Unicode char U+01D0 (decimal 464)
   defining Unicode char U+01D1 (decimal 465)
   defining Unicode char U+01D2 (decimal 466)
   defining Unicode char U+01D3 (decimal 467)
   defining Unicode char U+01D4 (decimal 468)
   defining Unicode char U+01E2 (decimal 482)
   defining Unicode char U+01E3 (decimal 483)
   defining Unicode char U+01E6 (decimal 486)
   defining Unicode char U+01E7 (decimal 487)
   defining Unicode char U+01E8 (decimal 488)
   defining Unicode char U+01E9 (decimal 489)
   defining Unicode char U+01EA (decimal 490)
   defining Unicode char U+01EB (decimal 491)
   defining Unicode char U+01F0 (decimal 496)
   defining Unicode char U+01F4 (decimal 500)
   defining Unicode char U+01F5 (decimal 501)
   defining Unicode char U+0218 (decimal 536)
   defining Unicode char U+0219 (decimal 537)
   defining Unicode char U+021A (decimal 538)
   defining Unicode char U+021B (decimal 539)
   defining Unicode char U+01E02 (decimal 7682)
   defining Unicode char U+01E03 (decimal 7683)
   defining Unicode char U+200C (decimal 8204)
   defining Unicode char U+2013 (decimal 8211)
   defining Unicode char U+2014 (decimal 8212)
   defining Unicode char U+2018 (decimal 8216)
   defining Unicode char U+2019 (decimal 8217)
   defining Unicode char U+201A (decimal 8218)
   defining Unicode char U+201C (decimal 8220)
   defining Unicode char U+201D (decimal 8221)
   defining Unicode char U+201E (decimal 8222)
   defining Unicode char U+2030 (decimal 8240)
   defining Unicode char U+2031 (decimal 8241)
   defining Unicode char U+2039 (decimal 8249)
   defining Unicode char U+203A (decimal 8250)
   defining Unicode char U+2423 (decimal 9251)
)
Now handling font encoding OT1 ...
... processing UTF-8 mapping file for font encoding OT1

(/usr/share/texlive/texmf-dist/tex/latex/base/ot1enc.dfu
File: ot1enc.dfu 2015/12/03 v1.1r UTF-8 support for inputenc
   defining Unicode char U+00A0 (decimal 160)
   defining Unicode char U+00A1 (decimal 161)
   defining Unicode char U+00A3 (decimal 163)
   defining Unicode char U+00AD (decimal 173)
   defining Unicode char U+00B8 (decimal 184)
   defining Unicode char U+00BF (decimal 191)
   defining Unicode char U+00C5 (decimal 197)
   defining Unicode char U+00C6 (decimal 198)
   defining Unicode char U+00D8 (decimal 216)
   defining Unicode char U+00DF (decimal 223)
   defining Unicode char U+00E6 (decimal 230)
   defining Unicode char U+00EC (decimal 236)
   defining Unicode char U+00ED (decimal 237)
   defining Unicode char U+00EE (decimal 238)
   defining Unicode char U+00EF (decimal 239)
   defining Unicode char U+00F8 (decimal 248)
   defining Unicode char U+0131 (decimal 305)
   defining Unicode char U+0141 (decimal 321)
   defining Unicode char U+0142 (decimal 322)
   defining Unicode char U+0152 (decimal 338)
   defining Unicode char U+0153 (decimal 339)
   defining Unicode char U+0174 (decimal 372)
   defining Unicode char U+0175 (decimal 373)
   defining Unicode char U+0176 (decimal 374)
   defining Unicode char U+0177 (decimal 375)
   defining Unicode char U+0218 (decimal 536)
   defining Unicode char U+0219 (decimal 537)
   defining Unicode char U+021A (decimal 538)
   defining Unicode char U+021B (decimal 539)
   defining Unicode char U+2013 (decimal 8211)
   defining Unicode char U+2014 (decimal 8212)
   defining Unicode char U+2018 (decimal 8216)
   defining Unicode char U+2019 (decimal 8217)
   defining Unicode char U+201C (decimal 8220)
   defining Unicode char U+201D (decimal 8221)
)
Now handling font encoding OMS ...
... processing UTF-8 mapping file for font encoding OMS

(/usr/share/texlive/texmf-dist/tex/latex/base/omsenc.dfu
File: omsenc.dfu 2015/12/03 v1.1r UTF-8 support for inputenc
   defining Unicode char U+00A7 (decimal 167)
   defining Unicode char U+00B6 (decimal 182)
   defining Unicode char U+00B7 (decimal 183)
   defining Unicode char U+2020 (decimal 8224)
   defining Unicode char U+2021 (decimal 8225)
   defining Unicode char U+2022 (decimal 8226)
)
Now handling font encoding OMX ...
... no UTF-8 mapping file for font encoding OMX
Now handling font encoding U ...
... no UTF-8 mapping file for font encoding U
   defining Unicode char U+00A9 (decimal 169)
   defining Unicode char U+00AA (decimal 170)
   defining Unicode char U+00AE (decimal 174)
   defining Unicode char U+00BA (decimal 186)
   defining Unicode char U+02C6 (decimal 710)
   defining Unicode char U+02DC (decimal 732)
   defining Unicode char U+200C (decimal 8204)
   defining Unicode char U+2026 (decimal 8230)
   defining Unicode char U+2122 (decimal 8482)
   defining Unicode char U+2423 (decimal 9251)
))
(/usr/share/texlive/texmf-dist/tex/latex/fancyhdr/fancyhdr.sty
\fancy@headwidth=\skip43
\f@ncyO@elh=\skip44
\f@ncyO@erh=\skip45
\f@ncyO@olh=\skip46
\f@ncyO@orh=\skip47
\f@ncyO@elf=\skip48
\f@ncyO@erf=\skip49
\f@ncyO@olf=\skip50
\f@ncyO@orf=\skip51
)
(/usr/share/texlive/texmf-dist/tex/latex/amsmath/amsmath.sty
Package: amsmath 2016/03/03 v2.15a AMS math features
\@mathmargin=\skip52

For additional information on amsmath, use the `?' option.
(/usr/share/texlive/texmf-dist/tex/latex/amsmath/amstext.sty
Package: amstext 2000/06/29 v2.01 AMS text

(/usr/share/texlive/texmf-dist/tex/latex/amsmath/amsgen.sty
File: amsgen.sty 1999/11/30 v2.0 generic functions
\@emptytoks=\toks16
\ex@=\dimen105
))
(/usr/share/texlive/texmf-dist/tex/latex/amsmath/amsbsy.sty
Package: amsbsy 1999/11/29 v1.2d Bold Symbols
\pmbraise@=\dimen106
)
(/usr/share/texlive/texmf-dist/tex/latex/amsmath/amsopn.sty
Package: amsopn 1999/12/14 v2.01 operator names
)
\inf@bad=\count88
LaTeX Info: Redefining \frac on input line 199.
\uproot@=\count89
\leftroot@=\count90
LaTeX Info: Redefining \overline on input line 297.
\classnum@=\count91
\DOTSCASE@=\count92
LaTeX Info: Redefining \ldots on input line 394.
LaTeX Info: Redefining \dots on input line 397.
LaTeX Info: Redefining \cdots on input line 518.
\Mathstrutbox@=\box26
\strutbox@=\box27
\big@size=\dimen107
LaTeX Font Info:    Redeclaring font encoding OML on input line 630.
LaTeX Font Info:    Redeclaring font encoding OMS on input line 631.
\macc@depth=\count93
\c@MaxMatrixCols=\count94
\dotsspace@=\muskip10
\c@parentequation=\count95
\dspbrk@lvl=\count96
\tag@help=\toks17
\row@=\count97
\column@=\count98
\maxfields@=\count99
\andhelp@=\toks18
\eqnshift@=\dimen108
\alignsep@=\dimen109
\tagshift@=\dimen110
\tagwidth@=\dimen111
\totwidth@=\dimen112
\lineht@=\dimen113
\@envbody=\toks19
\multlinegap=\skip53
\multlinetaggap=\skip54
\mathdisplay@stack=\toks20
LaTeX Info: Redefining \[ on input line 2735.
LaTeX Info: Redefining \] on input line 2736.
)
(/usr/share/texlive/texmf-dist/tex/latex/amsfonts/amsfonts.sty
Package: amsfonts 2013/01/14 v3.01 Basic AMSFonts support
\symAMSa=\mathgroup4
\symAMSb=\mathgroup5
LaTeX Font Info:    Overwriting math alphabet `\mathfrak' in version `bold'
(Font)                  U/euf/m/n --> U/euf/b/n on input line 106.
)
(/usr/share/texlive/texmf-dist/tex/latex/amsfonts/amssymb.sty
Package: amssymb 2013/01/14 v3.01 AMS font symbols
)
(/usr/share/texlive/texmf-dist/tex/latex/amsmath/amscd.sty
Package: amscd 1999/11/29 v2.0 AMS Commutatitive Diagrams
\athelp@=\toks21
\minaw@=\dimen114
\bigaw@=\dimen115
\minCDarrowwidth=\dimen116
)
(/usr/share/texlive/texmf-dist/tex/latex/amscls/amsthm.sty
Package: amsthm 2015/03/04 v2.20.2
\thm@style=\toks22
\thm@bodyfont=\toks23
\thm@headfont=\toks24
\thm@notefont=\toks25
\thm@headpunct=\toks26
\thm@preskip=\skip55
\thm@postskip=\skip56
\thm@headsep=\skip57
\dth@everypar=\toks27
)
(/usr/share/texlive/texmf-dist/tex/latex/tools/xspace.sty
Package: xspace 2014/10/28 v1.13 Space after command names (DPC,MH)
)
\c@example=\count100
\c@theorem=\count101

(/usr/share/texlive/texmf-dist/tex/latex/caption/caption.sty
Package: caption 2016/02/21 v3.3-144 Customizing captions (AR)

(/usr/share/texlive/texmf-dist/tex/latex/caption/caption3.sty
Package: caption3 2016/02/04 v1.7-139 caption3 kernel (AR)
Package caption3 Info: TeX engine: e-TeX on input line 67.

(/usr/share/texlive/texmf-dist/tex/latex/graphics/keyval.sty
Package: keyval 2014/10/28 v1.15 key=value parser (DPC)
\KV@toks@=\toks28
)
\captionmargin=\dimen117
\captionmargin@=\dimen118
\captionwidth=\dimen119
\caption@tempdima=\dimen120
\caption@indent=\dimen121
\caption@parindent=\dimen122
\caption@hangindent=\dimen123
)
\c@ContinuedFloat=\count102
)
(/usr/share/texlive/texmf-dist/tex/latex/graphics/graphicx.sty
Package: graphicx 2014/10/28 v1.0g Enhanced LaTeX Graphics (DPC,SPQR)

(/usr/share/texlive/texmf-dist/tex/latex/graphics/graphics.sty
Package: graphics 2016/01/03 v1.0q Standard LaTeX Graphics (DPC,SPQR)

(/usr/share/texlive/texmf-dist/tex/latex/graphics/trig.sty
Package: trig 2016/01/03 v1.10 sin cos tan (DPC)
)
(/usr/share/texlive/texmf-dist/tex/latex/latexconfig/graphics.cfg
File: graphics.cfg 2010/04/23 v1.9 graphics configuration of TeX Live
)
Package graphics Info: Driver file: pdftex.def on input line 95.

(/usr/share/texlive/texmf-dist/tex/latex/pdftex-def/pdftex.def
File: pdftex.def 2011/05/27 v0.06d Graphics/color for pdfTeX

(/usr/share/texlive/texmf-dist/tex/generic/oberdiek/infwarerr.sty
Package: infwarerr 2010/04/08 v1.3 Providing info/warning/error messages (HO)
)
(/usr/share/texlive/texmf-dist/tex/generic/oberdiek/ltxcmds.sty
Package: ltxcmds 2011/11/09 v1.22 LaTeX kernel commands for general use (HO)
)
\Gread@gobject=\count103
))
\Gin@req@height=\dimen124
\Gin@req@width=\dimen125
)
(/usr/share/texlive/texmf-dist/tex/latex/oberdiek/epstopdf.sty
Package: epstopdf 2010/02/09 v2.5 Conversion with epstopdf on the fly (HO)

(/usr/share/texlive/texmf-dist/tex/latex/oberdiek/epstopdf-base.sty
Package: epstopdf-base 2010/02/09 v2.5 Base part for package epstopdf

(/usr/share/texlive/texmf-dist/tex/latex/oberdiek/grfext.sty
Package: grfext 2010/08/19 v1.1 Manage graphics extensions (HO)

(/usr/share/texlive/texmf-dist/tex/generic/oberdiek/kvdefinekeys.sty
Package: kvdefinekeys 2011/04/07 v1.3 Define keys (HO)
))
(/usr/share/texlive/texmf-dist/tex/latex/oberdiek/kvoptions.sty
Package: kvoptions 2011/06/30 v3.11 Key value format for package options (HO)

(/usr/share/texlive/texmf-dist/tex/generic/oberdiek/kvsetkeys.sty
Package: kvsetkeys 2012/04/25 v1.16 Key value parser (HO)

(/usr/share/texlive/texmf-dist/tex/generic/oberdiek/etexcmds.sty
Package: etexcmds 2011/02/16 v1.5 Avoid name clashes with e-TeX commands (HO)

(/usr/share/texlive/texmf-dist/tex/generic/oberdiek/ifluatex.sty
Package: ifluatex 2010/03/01 v1.3 Provides the ifluatex switch (HO)
Package ifluatex Info: LuaTeX not detected.
)
Package etexcmds Info: Could not find \expanded.
(etexcmds)             That can mean that you are not using pdfTeX 1.50 or
(etexcmds)             that some package has redefined \expanded.
(etexcmds)             In the latter case, load this package earlier.
)))
(/usr/share/texlive/texmf-dist/tex/generic/oberdiek/pdftexcmds.sty
Package: pdftexcmds 2011/11/29 v0.20 Utility functions of pdfTeX for LuaTeX (HO
)

(/usr/share/texlive/texmf-dist/tex/generic/oberdiek/ifpdf.sty
Package: ifpdf 2011/01/30 v2.3 Provides the ifpdf switch (HO)
Package ifpdf Info: pdfTeX in PDF mode is detected.
)
Package pdftexcmds Info: LuaTeX not detected.
Package pdftexcmds Info: \pdf@primitive is available.
Package pdftexcmds Info: \pdf@ifprimitive is available.
Package pdftexcmds Info: \pdfdraftmode found.
)
Package grfext Info: Graphics extension search list:
(grfext)             [.png,.pdf,.jpg,.mps,.jpeg,.jbig2,.jb2,.PNG,.PDF,.JPG,.JPE
G,.JBIG2,.JB2,.eps]
(grfext)             \AppendGraphicsExtensions on input line 452.

(/usr/share/texlive/texmf-dist/tex/latex/latexconfig/epstopdf-sys.cfg
File: epstopdf-sys.cfg 2010/07/13 v1.3 Configuration of (r)epstopdf for TeX Liv
e
)))
(/usr/share/texlive/texmf-dist/tex/latex/booktabs/booktabs.sty
Package: booktabs 2005/04/14 v1.61803 publication quality tables
\heavyrulewidth=\dimen126
\lightrulewidth=\dimen127
\cmidrulewidth=\dimen128
\belowrulesep=\dimen129
\belowbottomsep=\dimen130
\aboverulesep=\dimen131
\abovetopsep=\dimen132
\cmidrulesep=\dimen133
\cmidrulekern=\dimen134
\defaultaddspace=\dimen135
\@cmidla=\count104
\@cmidlb=\count105
\@aboverulesep=\dimen136
\@belowrulesep=\dimen137
\@thisruleclass=\count106
\@lastruleclass=\count107
\@thisrulewidth=\dimen138
)
(/usr/share/texlive/texmf-dist/tex/latex/rotating/rotating.sty
Package: rotating 2009/03/28 v2.16a rotated objects in LaTeX

(/usr/share/texlive/texmf-dist/tex/latex/base/ifthen.sty
Package: ifthen 2014/09/29 v1.1c Standard LaTeX ifthen package (DPC)
)
\c@r@tfl@t=\count108
\rotFPtop=\skip58
\rotFPbot=\skip59
\rot@float@box=\box28
\rot@mess@toks=\toks29
)
(/usr/share/texlive/texmf-dist/tex/latex/listings/listings.sty
\lst@mode=\count109
\lst@gtempboxa=\box29
\lst@token=\toks30
\lst@length=\count110
\lst@currlwidth=\dimen139
\lst@column=\count111
\lst@pos=\count112
\lst@lostspace=\dimen140
\lst@width=\dimen141
\lst@newlines=\count113
\lst@lineno=\count114
\lst@maxwidth=\dimen142
 (./lstpatch.sty

***
*** This is a patch for listings 1.3, but you're using
*** version 1.6.
***
*** Patch file not loaded.
***

) (/usr/share/texlive/texmf-dist/tex/latex/listings/lstmisc.sty
File: lstmisc.sty 2015/06/04 1.6 (Carsten Heinz)
\c@lstnumber=\count115
\lst@skipnumbers=\count116
\lst@framebox=\box30
)
(/usr/share/texlive/texmf-dist/tex/latex/listings/listings.cfg
File: listings.cfg 2015/06/04 1.6 listings configuration
))
Package: listings 2015/06/04 1.6 (Carsten Heinz)

(./lstpatch.sty

***
*** This is a patch for listings 1.3, but you're using
*** version 1.6.
***
 *** Patch file not loaded.
***

) (/usr/share/texlive/texmf-dist/tex/latex/hyperref/hyperref.sty
Package: hyperref 2012/11/06 v6.83m Hypertext links for LaTeX

(/usr/share/texlive/texmf-dist/tex/generic/oberdiek/hobsub-hyperref.sty
Package: hobsub-hyperref 2012/05/28 v1.13 Bundle oberdiek, subset hyperref (HO)


(/usr/share/texlive/texmf-dist/tex/generic/oberdiek/hobsub-generic.sty
Package: hobsub-generic 2012/05/28 v1.13 Bundle oberdiek, subset generic (HO)
Package: hobsub 2012/05/28 v1.13 Construct package bundles (HO)
Package hobsub Info: Skipping package `infwarerr' (already loaded).
Package hobsub Info: Skipping package `ltxcmds' (already loaded).
Package hobsub Info: Skipping package `ifluatex' (already loaded).
Package: ifvtex 2010/03/01 v1.5 Detect VTeX and its facilities (HO)
Package ifvtex Info: VTeX not detected.
Package: intcalc 2007/09/27 v1.1 Expandable calculations with integers (HO)
Package hobsub Info: Skipping package `ifpdf' (already loaded).
Package hobsub Info: Skipping package `etexcmds' (already loaded).
Package hobsub Info: Skipping package `kvsetkeys' (already loaded).
Package hobsub Info: Skipping package `kvdefinekeys' (already loaded).
Package hobsub Info: Skipping package `pdftexcmds' (already loaded).
Package: pdfescape 2011/11/25 v1.13 Implements pdfTeX's escape features (HO)
Package: bigintcalc 2012/04/08 v1.3 Expandable calculations on big integers (HO
)
Package: bitset 2011/01/30 v1.1 Handle bit-vector datatype (HO)
Package: uniquecounter 2011/01/30 v1.2 Provide unlimited unique counter (HO)
)
Package hobsub Info: Skipping package `hobsub' (already loaded).
Package: letltxmacro 2010/09/02 v1.4 Let assignment for LaTeX macros (HO)
Package: hopatch 2012/05/28 v1.2 Wrapper for package hooks (HO)
Package: xcolor-patch 2011/01/30 xcolor patch
Package: atveryend 2011/06/30 v1.8 Hooks at the very end of document (HO)
Package atveryend Info: \enddocument detected (standard20110627).
Package: atbegshi 2011/10/05 v1.16 At begin shipout hook (HO)
Package: refcount 2011/10/16 v3.4 Data extraction from label references (HO)
Package: hycolor 2011/01/30 v1.7 Color options for hyperref/bookmark (HO)
)
(/usr/share/texlive/texmf-dist/tex/generic/ifxetex/ifxetex.sty
Package: ifxetex 2010/09/12 v0.6 Provides ifxetex conditional
)
(/usr/share/texlive/texmf-dist/tex/latex/oberdiek/auxhook.sty
Package: auxhook 2011/03/04 v1.3 Hooks for auxiliary files (HO)
)
\@linkdim=\dimen143
\Hy@linkcounter=\count117
\Hy@pagecounter=\count118

(/usr/share/texlive/texmf-dist/tex/latex/hyperref/pd1enc.def
File: pd1enc.def 2012/11/06 v6.83m Hyperref: PDFDocEncoding definition (HO)
Now handling font encoding PD1 ...
... no UTF-8 mapping file for font encoding PD1
)
\Hy@SavedSpaceFactor=\count119

(/usr/share/texlive/texmf-dist/tex/latex/latexconfig/hyperref.cfg
File: hyperref.cfg 2002/06/06 v1.2 hyperref configuration of TeXLive
)
Package hyperref Info: Option `bookmarks' set `true' on input line 4319.
Package hyperref Info: Option `bookmarksopen' set `true' on input line 4319.
Package hyperref Info: Option `bookmarksnumbered' set `true' on input line 4319
.
Package hyperref Info: Option `hypertexnames' set `false' on input line 4319.
Package hyperref Info: Option `colorlinks' set `true' on input line 4319.
Package hyperref Info: Option `unicode' set `true' on input line 4319.

(/usr/share/texlive/texmf-dist/tex/latex/hyperref/puenc.def
File: puenc.def 2012/11/06 v6.83m Hyperref: PDF Unicode definition (HO)
Now handling font encoding PU ...
... no UTF-8 mapping file for font encoding PU
)
Package hyperref Info: Option `breaklinks' set `true' on input line 4319.
Package hyperref Info: Hyper figures OFF on input line 4443.
Package hyperref Info: Link nesting OFF on input line 4448.
Package hyperref Info: Hyper index ON on input line 4451.
Package hyperref Info: Plain pages OFF on input line 4458.
Package hyperref Info: Backreferencing OFF on input line 4463.
Package hyperref Info: Implicit mode ON; LaTeX internals redefined.
Package hyperref Info: Bookmarks ON on input line 4688.
\c@Hy@tempcnt=\count120

(/usr/share/texlive/texmf-dist/tex/latex/url/url.sty
\Urlmuskip=\muskip11
Package: url 2013/09/16  ver 3.4  Verb mode for urls, etc.
)
LaTeX Info: Redefining \url on input line 5041.
\XeTeXLinkMargin=\dimen144
\Fld@menulength=\count121
\Field@Width=\dimen145
\Fld@charsize=\dimen146
Package hyperref Info: Hyper figures OFF on input line 6295.
Package hyperref Info: Link nesting OFF on input line 6300.
Package hyperref Info: Hyper index ON on input line 6303.
Package hyperref Info: backreferencing OFF on input line 6310.
Package hyperref Info: Link coloring ON on input line 6313.
Package hyperref Info: Link coloring with OCG OFF on input line 6320.
Package hyperref Info: PDF/A mode OFF on input line 6325.
LaTeX Info: Redefining \ref on input line 6365.
LaTeX Info: Redefining \pageref on input line 6369.
\Hy@abspage=\count122
\c@Item=\count123
\c@Hfootnote=\count124
)

Package hyperref Message: Driver (autodetected): hpdftex.

(/usr/share/texlive/texmf-dist/tex/latex/hyperref/hpdftex.def
File: hpdftex.def 2012/11/06 v6.83m Hyperref driver for pdfTeX
\Fld@listcount=\count125
\c@bookmark@seq@number=\count126

(/usr/share/texlive/texmf-dist/tex/latex/oberdiek/rerunfilecheck.sty
Package: rerunfilecheck 2011/04/15 v1.7 Rerun checks for auxiliary files (HO)
Package uniquecounter Info: New unique counter `rerunfilecheck' on input line 2
82.
)
\Hy@SectionHShift=\skip60
)
\c@dummy=\count127

(/usr/share/texlive/texmf-dist/tex/latex/tools/longtable.sty
Package: longtable 2014/10/28 v4.11 Multi-page Table package (DPC)
\LTleft=\skip61
\LTright=\skip62
\LTpre=\skip63
\LTpost=\skip64
\LTchunksize=\count128
\LTcapwidth=\dimen147
\LT@head=\box31
\LT@firsthead=\box32
\LT@foot=\box33
\LT@lastfoot=\box34
\LT@cols=\count129
\LT@rows=\count130
\c@LT@tables=\count131
\c@LT@chunks=\count132
\LT@p@ftn=\toks31
))
(/usr/share/texlive/texmf-dist/tex/latex/natbib/natbib.sty
Package: natbib 2010/09/13 8.31b (PWD, AO)
\bibhang=\skip65
\bibsep=\skip66
LaTeX Info: Redefining \cite on input line 694.
\c@NAT@ctr=\count133
)
(/usr/share/texlive/texmf-dist/tex/latex/multirow/multirow.sty
\bigstrutjot=\dimen148
)
Package hyperref Info: Option `colorlinks' set `true' on input line 33.

(/usr/share/texlive/texmf-dist/tex/latex/xcolor/xcolor.sty
Package: xcolor 2007/01/21 v2.11 LaTeX color extensions (UK)

(/usr/share/texlive/texmf-dist/tex/latex/latexconfig/color.cfg
File: color.cfg 2007/01/18 v1.5 color configuration of teTeX/TeXLive
)
Package xcolor Info: Driver file: pdftex.def on input line 225.

(/usr/share/texlive/texmf-dist/tex/latex/colortbl/colortbl.sty
Package: colortbl 2012/02/13 v1.0a Color table columns (DPC)

(/usr/share/texlive/texmf-dist/tex/latex/tools/array.sty
Package: array 2014/10/28 v2.4c Tabular extension package (FMi)
\col@sep=\dimen149
\extrarowheight=\dimen150
\NC@list=\toks32
\extratabsurround=\skip67
\backup@length=\skip68
)
\everycr=\toks33
\minrowclearance=\skip69
)
\rownum=\count134
Package xcolor Info: Model `cmy' substituted by `cmy0' on input line 1337.
Package xcolor Info: Model `hsb' substituted by `rgb' on input line 1341.
Package xcolor Info: Model `RGB' extended on input line 1353.
Package xcolor Info: Model `HTML' substituted by `rgb' on input line 1355.
Package xcolor Info: Model `Hsb' substituted by `hsb' on input line 1356.
Package xcolor Info: Model `tHsb' substituted by `hsb' on input line 1357.
Package xcolor Info: Model `HSB' substituted by `hsb' on input line 1358.
Package xcolor Info: Model `Gray' substituted by `gray' on input line 1359.
Package xcolor Info: Model `wave' substituted by `hsb' on input line 1360.
)
(/usr/share/texlive/texmf-dist/tex/generic/ulem/ulem.sty
\UL@box=\box35
\UL@hyphenbox=\box36
\UL@skip=\skip70
\UL@hook=\toks34
\UL@height=\dimen151
\UL@pe=\count135
\UL@pixel=\dimen152
\ULC@box=\box37
Package: ulem 2012/05/18
\ULdepth=\dimen153
)
(/usr/share/texlive/texmf-dist/tex/latex/floatrow/floatrow.sty
Package: floatrow 2008/08/02 v0.3b floatrow: float package extension
\c@float@type=\count136
\float@exts=\toks35
\float@box=\box38
\@floatcapt=\box39
Package floatrow Info: Modified float package code loaded on input line 455.
Package floatrow Info: Modified rotfloat package code loaded on input line 473.

\FR@everyfloat=\toks36
\flrow@foot=\insert199
\FB@wd=\dimen154
\FBo@wd=\dimen155
\FBc@wd=\dimen156
\FBo@ht=\skip71
\FBc@ht=\skip72
\FBf@ht=\skip73
\FBo@max=\skip74
\FBc@max=\skip75
\FBf@max=\skip76
\c@FBl@b=\count137
\floatbox@depth=\count138
\c@FRobj=\count139
\c@FRsobj=\count140
\Xhsize=\skip77
\sXhsize=\skip78
\Zhsize=\skip79
\sZhsize=\skip80
\flrow@rowbox=\box40
\FR@Zunitlength=\dimen157
\c@FBcnt=\count141
\FPOScnt=\count142
\LTleft=\skip81
\LTright=\skip82
\LTleft=\skip83
\LTright=\skip84
\flrow@types=\toks37
)
(/usr/share/texlive/texmf-dist/tex/latex/subfig/subfig.sty
Package: subfig 2005/06/28 ver: 1.3 subfig package
\c@KVtest=\count143
\sf@farskip=\skip85
\sf@captopadj=\dimen158
\sf@capskip=\skip86
\sf@nearskip=\skip87
\c@subfigure=\count144
\c@subfigure@save=\count145
\c@lofdepth=\count146
\c@subtable=\count147
\c@subtable@save=\count148
\c@lotdepth=\count149
\sf@top=\skip88
\sf@bottom=\skip89
)
(/usr/share/texlive/texmf-dist/tex/latex/mwe/mwe.sty
Package: mwe 2012/05/15 v0.3 Package to support minimal working examples (MWE)

(/usr/share/texlive/texmf-dist/tex/latex/lipsum/lipsum.sty
Package: lipsum 2014/07/27 v1.3 150 paragraphs of Lorem Ipsum dummy text
\c@lips@count=\count150
)
(/usr/share/texlive/texmf-dist/tex/latex/blindtext/blindtext.sty
Package: blindtext 2012/01/06 V2.0 blindtext-Package
\c@blindtext=\count151
\c@Blindtext=\count152
\c@blind@countparstart=\count153
\blind@countxx=\count154
\blindtext@numBlindtext=\count155
\blind@countyy=\count156
\c@blindlist=\count157
\c@blindlistlevel=\count158
\c@blindlist@level=\count159
\blind@listitem=\count160
\c@blind@listcount=\count161
\c@blind@levelcount=\count162
\blind@mathformula=\count163
\blind@Mathformula=\count164
\c@blind@randomcount=\count165
\c@blind@randommax=\count166
\c@blind@pangramcount=\count167
\c@blind@pangrammax=\count168
))
\c@defi=\count169
\c@theo=\count170
\c@coro=\count171
\c@note=\count172

(/usr/share/texlive/texmf-dist/tex/latex/titlesec/titlesec.sty
Package: titlesec 2016/03/15 v2.10.1 Sectioning titles
\ttl@box=\box41
\beforetitleunit=\skip90
\aftertitleunit=\skip91
\ttl@plus=\dimen159
\ttl@minus=\dimen160
\ttl@toksa=\toks38
\titlewidth=\dimen161
\titlewidthlast=\dimen162
\titlewidthfirst=\dimen163
) (./main.aux

LaTeX Warning: Label `Dau3' multiply defined.


LaTeX Warning: Label `Dau3' multiply defined.


LaTeX Warning: Label `pics:originalHDR' multiply defined.


LaTeX Warning: Label `pics:process' multiply defined.

)
\openout1 = `main.aux'.

LaTeX Font Info:    Checking defaults for OML/cmm/m/it on input line 79.
LaTeX Font Info:    ... okay on input line 79.
LaTeX Font Info:    Checking defaults for T1/cmr/m/n on input line 79.
LaTeX Font Info:    ... okay on input line 79.
LaTeX Font Info:    Checking defaults for OT1/cmr/m/n on input line 79.
LaTeX Font Info:    ... okay on input line 79.
LaTeX Font Info:    Checking defaults for OMS/cmsy/m/n on input line 79.
LaTeX Font Info:    ... okay on input line 79.
LaTeX Font Info:    Checking defaults for OMX/cmex/m/n on input line 79.
LaTeX Font Info:    ... okay on input line 79.
LaTeX Font Info:    Checking defaults for U/cmr/m/n on input line 79.
LaTeX Font Info:    ... okay on input line 79.
LaTeX Font Info:    Checking defaults for PD1/pdf/m/n on input line 79.
LaTeX Font Info:    ... okay on input line 79.
LaTeX Font Info:    Checking defaults for PU/pdf/m/n on input line 79.
LaTeX Font Info:    ... okay on input line 79.
Package caption Info: Begin \AtBeginDocument code.
Package caption Info: subfig package v1.3 is loaded.
Package caption Info: floatrow package is loaded.
Package caption Info: float package is loaded.
Package caption Info: floatrow package is loaded.
Package caption Info: hyperref package is loaded.
Package caption Info: listings package is loaded.
Package caption Info: longtable package is loaded.
 (/usr/share/texlive/texmf-dist/tex/latex/caption/ltcaption.sty
Package: ltcaption 2013/06/09 v1.4-94 longtable captions (AR)
)
Package caption Info: rotating package is loaded.
Package caption Info: End \AtBeginDocument code.

(/usr/share/texlive/texmf-dist/tex/context/base/supp-pdf.mkii
[Loading MPS to PDF converter (version 2006.09.02).]
\scratchcounter=\count173
\scratchdimen=\dimen164
\scratchbox=\box42
\nofMPsegments=\count174
\nofMParguments=\count175
\everyMPshowfont=\toks39
\MPscratchCnt=\count176
\MPscratchDim=\dimen165
\MPnumerator=\count177
\makeMPintoPDFobject=\count178
\everyMPtoPDFconversion=\toks40
)
\c@lstlisting=\count179
\AtBeginShipoutBox=\box43
Package hyperref Info: Link coloring ON on input line 79.
 (/usr/share/texlive/texmf-dist/tex/latex/hyperref/nameref.sty
Package: nameref 2012/10/27 v2.43 Cross-referencing by name of section

(/usr/share/texlive/texmf-dist/tex/generic/oberdiek/gettitlestring.sty
Package: gettitlestring 2010/12/03 v1.4 Cleanup title references (HO)
)
\c@section@level=\count180
)
LaTeX Info: Redefining \ref on input line 79.
LaTeX Info: Redefining \pageref on input line 79.
LaTeX Info: Redefining \nameref on input line 79.

(./main.out) (./main.out)
\@outlinefile=\write3
\openout3 = `main.out'.


(/usr/share/texlive/texmf-dist/tex/latex/floatrow/fr-subfig.sty
Package: fr-subfig 2007/12/24 v0.1g (beta) floatrow: additions for subfig
\FBsc@max=\skip92
\FBso@max=\skip93
)
(/usr/share/texlive/texmf-dist/tex/latex/floatrow/fr-longtable.sty
Package: fr-longtable 2007/11/28 v0.1b (beta) floatrow: additions for longtable

\flrow@LT@lasthead=\box44
\flrow@LT@prelastfoot=\box45
\c@FBLTpage=\count181
)
Package epstopdf Info: Source file: <Figures/Logo.eps>
(epstopdf)                    date: 2016-11-19 00:35:35
(epstopdf)                    size: 16439825 bytes
(epstopdf)             Output file: <Figures/Logo-eps-converted-to.pdf>
(epstopdf)                    date: 2016-11-19 00:36:29
(epstopdf)                    size: 138471 bytes
(epstopdf)             Command: <repstopdf --outfile=Figures/Logo-eps-converted
-to.pdf Figures/Logo.eps>
(epstopdf)             \includegraphics on input line 108.
Package epstopdf Info: Output file is already uptodate.

<Figures/Logo-eps-converted-to.pdf, id=188, 393.47pt x 474.77374pt>
File: Figures/Logo-eps-converted-to.pdf Graphic file (type pdf)

<use Figures/Logo-eps-converted-to.pdf>
Package pdftex.def Info: Figures/Logo-eps-converted-to.pdf used on input line 1
08.
(pdftex.def)             Requested size: 62.61841pt x 75.55241pt.
LaTeX Font Info:    Try loading font information for U+msa on input line 125.

(/usr/share/texlive/texmf-dist/tex/latex/amsfonts/umsa.fd
File: umsa.fd 2013/01/14 v3.01 AMS symbols A
)
LaTeX Font Info:    Try loading font information for U+msb on input line 125.

(/usr/share/texlive/texmf-dist/tex/latex/amsfonts/umsb.fd
File: umsb.fd 2013/01/14 v3.01 AMS symbols B
) [1



{/var/lib/texmf/fonts/map/pdftex/updmap/pdftex.map} <./Figures/Logo-eps-convert
ed-to.pdf>]
[1]
------------------------------------------------------------------------------
 Abstract Page
------------------------------------------------------------------------------
[2

] [3

]
------------------------------------------------------------------------------
 Dedicatoria
------------------------------------------------------------------------------
[4

]
------------------------------------------------------------------------------
 Tabla de contenidos
------------------------------------------------------------------------------
(./main.toc [5


])
\tf@toc=\write4
\openout4 = `main.toc'.

 [6]
------------------------------------------------------------------------------
 \IeC {\'I}ndice de Figuras
------------------------------------------------------------------------------
(./main.lof)
\tf@lof=\write5
\openout5 = `main.lof'.

 [7


]
------------------------------------------------------------------------------
 \IeC {\'I}ndice de Tablas
------------------------------------------------------------------------------
(./main.lot)
\tf@lot=\write6
\openout6 = `main.lot'.

 [8


] (./Chapters/Chapter1.tex
Cap\IeC {\'\i }tulo 1.
------------------------------------------------------------------------------
 1 Introducci\IeC {\'o}n
------------------------------------------------------------------------------
[1



] [2] [3]
LaTeX Font Info:    Try loading font information for OMS+cmr on input line 75.
 (/usr/share/texlive/texmf-dist/tex/latex/base/omscmr.fd
File: omscmr.fd 2014/09/29 v2.5h Standard LaTeX font definitions
)
LaTeX Font Info:    Font shape `OMS/cmr/m/n' in size <10.95> not available
(Font)              Font shape `OMS/cmsy/m/n' tried instead on input line 75.
)
(./Chapters/Chapter2.tex [4]
Cap\IeC {\'\i }tulo 2.
------------------------------------------------------------------------------
 2 Marco te\IeC {\'o}rico
------------------------------------------------------------------------------
<./images/propagacion.png, id=431, 1003.75pt x 431.6125pt>
File: ./images/propagacion.png Graphic file (type png)

<use ./images/propagacion.png>
Package pdftex.def Info: ./images/propagacion.png used on input line 14.
(pdftex.def)             Requested size: 333.97972pt x 143.61142pt.


LaTeX Warning: `h' float specifier changed to `ht'.

[5

]

LaTeX Warning: No positions in optional float specifier.
               Default added (so using `tbp') on input line 25.


LaTeX Warning: No positions in optional float specifier.
               Default added (so using `tbp') on input line 42.

LaTeX Font Info:    Try loading font information for OML+cmr on input line 47.
(/usr/share/texlive/texmf-dist/tex/latex/base/omlcmr.fd
File: omlcmr.fd 2014/09/29 v2.5h Standard LaTeX font definitions
)
LaTeX Font Info:    Font shape `OML/cmr/m/n' in size <10.95> not available
(Font)              Font shape `OML/cmm/m/it' tried instead on input line 47.

Overfull \vbox (27.19998pt too high) detected at line 47
 []

LaTeX Font Info:    Font shape `OML/cmr/m/it' in size <10.95> not available
(Font)              Font shape `OML/cmm/m/it' tried instead on input line 49.

Overfull \hbox (9.03076pt too wide) in paragraph at lines 44--56
 [][] 
 []

<./images/nasa.jpg, id=446, 724.20563pt x 517.935pt>
File: ./images/nasa.jpg Graphic file (type jpg)
 <use ./images/nasa.jpg>
Package pdftex.def Info: ./images/nasa.jpg used on input line 65.
(pdftex.def)             Requested size: 333.97972pt x 238.8536pt.


LaTeX Warning: `h' float specifier changed to `ht'.

[6 <./images/propagacion.png>]
<./images/firma.png, id=455, 490.83376pt x 280.04625pt>
File: ./images/firma.png Graphic file (type png)

<use ./images/firma.png>
Package pdftex.def Info: ./images/firma.png used on input line 76.
(pdftex.def)             Requested size: 292.22987pt x 166.73854pt.


LaTeX Warning: `h' float specifier changed to `ht'.

<./images/sanidad.png, id=462, 1184.425pt x 581.17125pt>
File: ./images/sanidad.png Graphic file (type png)

<use ./images/sanidad.png>
Package pdftex.def Info: ./images/sanidad.png used on input line 86.
(pdftex.def)             Requested size: 333.97972pt x 163.8708pt.


LaTeX Warning: `h' float specifier changed to `ht'.

<./images/animal.png, id=465, 117.43875pt x 260.975pt>
File: ./images/animal.png Graphic file (type png)

<use ./images/animal.png>
Package pdftex.def Info: ./images/animal.png used on input line 94.
(pdftex.def)             Requested size: 83.49333pt x 185.54044pt.


LaTeX Warning: `h' float specifier changed to `ht'.

<./images/wiki.png, id=469, 560.0925pt x 545.03625pt>
File: ./images/wiki.png Graphic file (type png)
 <use ./images/wiki.png>
Package pdftex.def Info: ./images/wiki.png used on input line 105.
(pdftex.def)             Requested size: 333.97972pt x 325.01166pt.


LaTeX Warning: `h' float specifier changed to `ht'.

[7] <./images/jairo.png, id=482, 1359.0775pt x 419.5675pt>
File: ./images/jairo.png Graphic file (type png)

<use ./images/jairo.png>
Package pdftex.def Info: ./images/jairo.png used on input line 116.
(pdftex.def)             Requested size: 333.97972pt x 103.09903pt.


LaTeX Warning: `h' float specifier changed to `ht'.

[8 <./images/nasa.jpg> <./images/firma.png>]
Underfull \hbox (badness 10000) in paragraph at lines 125--126

 []

<./images/paper1.png, id=491, 407.5225pt x 343.2825pt>
File: ./images/paper1.png Graphic file (type png)

<use ./images/paper1.png>
Package pdftex.def Info: ./images/paper1.png used on input line 129.
(pdftex.def)             Requested size: 250.48637pt x 210.99962pt.


LaTeX Warning: `h' float specifier changed to `ht'.

[9 <./images/sanidad.png> <./images/animal.png>] [10 <./images/wiki.png> <./ima
ges/jairo.png>] <./images/CTIS.png, id=507, 836.12375pt x 393.47pt>
File: ./images/CTIS.png Graphic file (type png)

<use ./images/CTIS.png>
Package pdftex.def Info: ./images/CTIS.png used on input line 147.
(pdftex.def)             Requested size: 375.7232pt x 176.81369pt.


LaTeX Warning: `h' float specifier changed to `ht'.

[11 <./images/paper1.png>] [12 <./images/CTIS.png>] [13]

Package hyperref Warning: Token not allowed in a PDF string (Unicode):
(hyperref)                removing `\begingroup' on input line 239.


Package hyperref Warning: Token not allowed in a PDF string (Unicode):
(hyperref)                removing `\<let>-command' on input line 239.


Package hyperref Warning: Token not allowed in a PDF string (Unicode):
(hyperref)                removing `\NAT@ctype' on input line 239.


Package hyperref Warning: Token not allowed in a PDF string (Unicode):
(hyperref)                removing `\z@' on input line 239.


Package hyperref Warning: Token not allowed in a PDF string (Unicode):
(hyperref)                removing `\let' on input line 239.


Package hyperref Warning: Token not allowed in a PDF string (Unicode):
(hyperref)                removing `\let' on input line 239.


Package hyperref Warning: Token not allowed in a PDF string (Unicode):
(hyperref)                removing `\new@ifnextchar' on input line 239.

[14] <./images/Bayer.png, id=551, 503.8825pt x 234.8775pt>
File: ./images/Bayer.png Graphic file (type png)

<use ./images/Bayer.png>
Package pdftex.def Info: ./images/Bayer.png used on input line 249.
(pdftex.def)             Requested size: 250.48637pt x 116.7611pt.
 [15 <./images/Bayer.png>]

Package hyperref Warning: Token not allowed in a PDF string (Unicode):
(hyperref)                removing `\begingroup' on input line 303.


Package hyperref Warning: Token not allowed in a PDF string (Unicode):
(hyperref)                removing `\<let>-command' on input line 303.


Package hyperref Warning: Token not allowed in a PDF string (Unicode):
(hyperref)                removing `\NAT@ctype' on input line 303.


Package hyperref Warning: Token not allowed in a PDF string (Unicode):
(hyperref)                removing `\z@' on input line 303.


Package hyperref Warning: Token not allowed in a PDF string (Unicode):
(hyperref)                removing `\let' on input line 303.


Package hyperref Warning: Token not allowed in a PDF string (Unicode):
(hyperref)                removing `\let' on input line 303.


Package hyperref Warning: Token not allowed in a PDF string (Unicode):
(hyperref)                removing `\new@ifnextchar' on input line 303.


Overfull \hbox (8.90831pt too wide) in paragraph at lines 304--305
\OT1/cmr/m/n/10.95 El de-sen-foque Gaus-siano (Gaus-sian blur) es un m^^Setodo 
que uti-liza al-gor^^S^^Ptmos matem^^Saticos.
 []


Package hyperref Warning: Token not allowed in a PDF string (Unicode):
(hyperref)                removing `\begingroup' on input line 312.


Package hyperref Warning: Token not allowed in a PDF string (Unicode):
(hyperref)                removing `\<let>-command' on input line 312.


Package hyperref Warning: Token not allowed in a PDF string (Unicode):
(hyperref)                removing `\NAT@ctype' on input line 312.


Package hyperref Warning: Token not allowed in a PDF string (Unicode):
(hyperref)                removing `\z@' on input line 312.


Package hyperref Warning: Token not allowed in a PDF string (Unicode):
(hyperref)                removing `\let' on input line 312.


Package hyperref Warning: Token not allowed in a PDF string (Unicode):
(hyperref)                removing `\let' on input line 312.


Package hyperref Warning: Token not allowed in a PDF string (Unicode):
(hyperref)                removing `\new@ifnextchar' on input line 312.

[16]

Package hyperref Warning: Token not allowed in a PDF string (Unicode):
(hyperref)                removing `\begingroup' on input line 320.


Package hyperref Warning: Token not allowed in a PDF string (Unicode):
(hyperref)                removing `\<let>-command' on input line 320.


Package hyperref Warning: Token not allowed in a PDF string (Unicode):
(hyperref)                removing `\NAT@ctype' on input line 320.


Package hyperref Warning: Token not allowed in a PDF string (Unicode):
(hyperref)                removing `\z@' on input line 320.


Package hyperref Warning: Token not allowed in a PDF string (Unicode):
(hyperref)                removing `\let' on input line 320.


Package hyperref Warning: Token not allowed in a PDF string (Unicode):
(hyperref)                removing `\let' on input line 320.


Package hyperref Warning: Token not allowed in a PDF string (Unicode):
(hyperref)                removing `\new@ifnextchar' on input line 320.

[17] <./images/fourier.png, id=585, 527.9725pt x 482.80376pt>
File: ./images/fourier.png Graphic file (type png)

<use ./images/fourier.png>
Package pdftex.def Info: ./images/fourier.png used on input line 369.
(pdftex.def)             Requested size: 250.48637pt x 229.05421pt.

<./images/waveletvsfft.png, id=593, 703.62875pt x 523.9575pt>
File: ./images/waveletvsfft.png Graphic file (type png)

<use ./images/waveletvsfft.png>
Package pdftex.def Info: ./images/waveletvsfft.png used on input line 382.
(pdftex.def)             Requested size: 250.48637pt x 186.52188pt.


LaTeX Warning: `h' float specifier changed to `ht'.

[18 <./images/fourier.png>] [19 <./images/waveletvsfft.png (PNG copy)>]
<./images/dau.png, id=613, 665.48625pt x 379.4175pt>
File: ./images/dau.png Graphic file (type png)
 <use ./images/dau.png>
Package pdftex.def Info: ./images/dau.png used on input line 434.
(pdftex.def)             Requested size: 250.48637pt x 142.80804pt.
)
(./Chapters/Chapter3.tex [20 <./images/dau.png>]
Cap\IeC {\'\i }tulo 3.
------------------------------------------------------------------------------
 3 Propuesta
------------------------------------------------------------------------------
[21

] <./images/RESULTS/squeme.jpg, id=627, 963.6pt x 722.7pt>
File: ./images/RESULTS/squeme.jpg Graphic file (type jpg)

<use ./images/RESULTS/squeme.jpg>
Package pdftex.def Info: ./images/RESULTS/squeme.jpg used on input line 24.
(pdftex.def)             Requested size: 385.43317pt x 289.07487pt.
) (./Chapters/Chapter4.tex [22

 <./images/RESULTS/squeme.jpg>]
Cap\IeC {\'\i }tulo 4.
------------------------------------------------------------------------------
 4 Resultados
------------------------------------------------------------------------------
<./images/RESULTS/original.png, id=635, 1259.4553pt x 944.7797pt>
File: ./images/RESULTS/original.png Graphic file (type png)

<use ./images/RESULTS/original.png>
Package pdftex.def Info: ./images/RESULTS/original.png used on input line 10.
(pdftex.def)             Requested size: 377.83951pt x 283.4361pt.


LaTeX Warning: `h' float specifier changed to `ht'.

<./images/RESULTS/slices/466.png, id=636, 130.98938pt x 129.48375pt>
File: ./images/RESULTS/slices/466.png Graphic file (type png)

<use ./images/RESULTS/slices/466.png>
Package pdftex.def Info: ./images/RESULTS/slices/466.png used on input line 19.

(pdftex.def)             Requested size: 129.67987pt x 128.18929pt.

<./images/RESULTS/slices/508.png, id=637, 130.98938pt x 129.48375pt>
File: ./images/RESULTS/slices/508.png Graphic file (type png)

<use ./images/RESULTS/slices/508.png>
Package pdftex.def Info: ./images/RESULTS/slices/508.png used on input line 20.

(pdftex.def)             Requested size: 129.67987pt x 128.18929pt.

<./images/RESULTS/slices/549.png, id=638, 130.98938pt x 129.48375pt>
File: ./images/RESULTS/slices/549.png Graphic file (type png)

<use ./images/RESULTS/slices/549.png>
Package pdftex.def Info: ./images/RESULTS/slices/549.png used on input line 21.

(pdftex.def)             Requested size: 129.67987pt x 128.18929pt.

Overfull \hbox (1.56654pt too wide) in paragraph at lines 17--23
 []$ 
 []

<./images/RESULTS/slices/589.png, id=639, 130.98938pt x 129.48375pt>
File: ./images/RESULTS/slices/589.png Graphic file (type png)

<use ./images/RESULTS/slices/589.png>
Package pdftex.def Info: ./images/RESULTS/slices/589.png used on input line 27.

(pdftex.def)             Requested size: 129.67987pt x 128.18929pt.

<./images/RESULTS/slices/627.png, id=640, 130.98938pt x 129.48375pt>
File: ./images/RESULTS/slices/627.png Graphic file (type png)

<use ./images/RESULTS/slices/627.png>
Package pdftex.def Info: ./images/RESULTS/slices/627.png used on input line 28.

(pdftex.def)             Requested size: 129.67987pt x 128.18929pt.

<./images/RESULTS/slices/669.png, id=641, 130.98938pt x 129.48375pt>
File: ./images/RESULTS/slices/669.png Graphic file (type png)

<use ./images/RESULTS/slices/669.png>
Package pdftex.def Info: ./images/RESULTS/slices/669.png used on input line 29.

(pdftex.def)             Requested size: 129.67987pt x 128.18929pt.

Overfull \hbox (1.56654pt too wide) in paragraph at lines 25--31
 []$ 
 []

<./images/RESULTS/slices/709.png, id=642, 130.98938pt x 129.48375pt>
File: ./images/RESULTS/slices/709.png Graphic file (type png)

<use ./images/RESULTS/slices/709.png>
Package pdftex.def Info: ./images/RESULTS/slices/709.png used on input line 35.

(pdftex.def)             Requested size: 129.67987pt x 128.18929pt.

<./images/RESULTS/slices/750.png, id=643, 130.98938pt x 129.48375pt>
File: ./images/RESULTS/slices/750.png Graphic file (type png)

<use ./images/RESULTS/slices/750.png>
Package pdftex.def Info: ./images/RESULTS/slices/750.png used on input line 36.

(pdftex.def)             Requested size: 129.67987pt x 128.18929pt.

<./images/RESULTS/slices/790.png, id=644, 130.98938pt x 129.48375pt>
File: ./images/RESULTS/slices/790.png Graphic file (type png)

<use ./images/RESULTS/slices/790.png>
Package pdftex.def Info: ./images/RESULTS/slices/790.png used on input line 37.

(pdftex.def)             Requested size: 129.67987pt x 128.18929pt.

Overfull \hbox (1.56654pt too wide) in paragraph at lines 33--39
 []$ 
 []

<./images/RESULTS/slices/830.png, id=645, 130.98938pt x 129.48375pt>
File: ./images/RESULTS/slices/830.png Graphic file (type png)

<use ./images/RESULTS/slices/830.png>
Package pdftex.def Info: ./images/RESULTS/slices/830.png used on input line 43.

(pdftex.def)             Requested size: 129.67987pt x 128.18929pt.

<./images/RESULTS/slices/870.png, id=646, 130.98938pt x 129.48375pt>
File: ./images/RESULTS/slices/870.png Graphic file (type png)

<use ./images/RESULTS/slices/870.png>
Package pdftex.def Info: ./images/RESULTS/slices/870.png used on input line 44.

(pdftex.def)             Requested size: 129.67987pt x 128.18929pt.

<./images/RESULTS/slices/911.png, id=647, 130.98938pt x 129.48375pt>
File: ./images/RESULTS/slices/911.png Graphic file (type png)

<use ./images/RESULTS/slices/911.png>
Package pdftex.def Info: ./images/RESULTS/slices/911.png used on input line 45.

(pdftex.def)             Requested size: 129.67987pt x 128.18929pt.

Overfull \hbox (1.56654pt too wide) in paragraph at lines 41--47
 []$ 
 []


LaTeX Warning: Float too large for page by 4.78406pt on input line 50.


LaTeX Warning: `h' float specifier changed to `ht'.

[23

] [24 <./images/RESULTS/original.png (PNG copy)>] [25 <./images/RESULTS/slices/
466.png (PNG copy)> <./images/RESULTS/slices/508.png (PNG copy)> <./images/RESU
LTS/slices/549.png (PNG copy)> <./images/RESULTS/slices/589.png (PNG copy)> <./
images/RESULTS/slices/627.png (PNG copy)> <./images/RESULTS/slices/669.png (PNG
 copy)> <./images/RESULTS/slices/709.png (PNG copy)> <./images/RESULTS/slices/7
50.png (PNG copy)> <./images/RESULTS/slices/790.png (PNG copy)> <./images/RESUL
TS/slices/830.png (PNG copy)> <./images/RESULTS/slices/870.png (PNG copy)> <./i
mages/RESULTS/slices/911.png (PNG copy)>]
<./images/RESULTS/compare870/original.png, id=676, 130.98938pt x 129.48375pt>
File: ./images/RESULTS/compare870/original.png Graphic file (type png)

<use ./images/RESULTS/compare870/original.png>
Package pdftex.def Info: ./images/RESULTS/compare870/original.png used on input
 line 60.
(pdftex.def)             Requested size: 129.67987pt x 128.18929pt.

<./images/RESULTS/compare870/Dau.png, id=677, 174.6525pt x 172.645pt>
File: ./images/RESULTS/compare870/Dau.png Graphic file (type png)

<use ./images/RESULTS/compare870/Dau.png>
Package pdftex.def Info: ./images/RESULTS/compare870/Dau.png used on input line
 61.
(pdftex.def)             Requested size: 129.57394pt x 128.08458pt.

<./images/RESULTS/compare870/MSB.png, id=678, 174.6525pt x 172.645pt>
File: ./images/RESULTS/compare870/MSB.png Graphic file (type png)

<use ./images/RESULTS/compare870/MSB.png>
Package pdftex.def Info: ./images/RESULTS/compare870/MSB.png used on input line
 62.
(pdftex.def)             Requested size: 129.57394pt x 128.08458pt.

Overfull \hbox (1.35469pt too wide) in paragraph at lines 58--64
 []$ 
 []

<./images/RESULTS/compare870/MBS.png, id=679, 130.98938pt x 129.48375pt>
File: ./images/RESULTS/compare870/MBS.png Graphic file (type png)

<use ./images/RESULTS/compare870/MBS.png>
Package pdftex.def Info: ./images/RESULTS/compare870/MBS.png used on input line
 68.
(pdftex.def)             Requested size: 129.67987pt x 128.18929pt.

<./images/RESULTS/compare870/BSM.png, id=680, 174.6525pt x 172.645pt>
File: ./images/RESULTS/compare870/BSM.png Graphic file (type png)

<use ./images/RESULTS/compare870/BSM.png>
Package pdftex.def Info: ./images/RESULTS/compare870/BSM.png used on input line
 69.
(pdftex.def)             Requested size: 129.57394pt x 128.08458pt.

<./images/RESULTS/compare870/BMS.png, id=681, 130.98938pt x 129.48375pt>
File: ./images/RESULTS/compare870/BMS.png Graphic file (type png)

<use ./images/RESULTS/compare870/BMS.png>
Package pdftex.def Info: ./images/RESULTS/compare870/BMS.png used on input line
 70.
(pdftex.def)             Requested size: 129.67987pt x 128.18929pt.

Overfull \hbox (1.46062pt too wide) in paragraph at lines 66--72
 []$ 
 []

[26

 <./images/RESULTS/compare870/original.png (PNG copy)> <./images/RESULTS/compar
e870/Dau.png (PNG copy)> <./images/RESULTS/compare870/MSB.png (PNG copy)> <./im
ages/RESULTS/compare870/MBS.png (PNG copy)> <./images/RESULTS/compare870/BSM.pn
g (PNG copy)> <./images/RESULTS/compare870/BMS.png (PNG copy)>]
<./images/RESULTS/Malvar/mosaic.png, id=693, 1679.27374pt x 1259.70625pt>
File: ./images/RESULTS/Malvar/mosaic.png Graphic file (type png)

<use ./images/RESULTS/Malvar/mosaic.png>
Package pdftex.def Info: ./images/RESULTS/Malvar/mosaic.png used on input line 
82.
(pdftex.def)             Requested size: 378.84523pt x 284.19054pt.
 [27 <./images/RESULTS/Malvar/mosaic.png (PNG copy)>]
<./images/RESULTS/compare870/MS.png, id=699, 130.98938pt x 129.48375pt>
File: ./images/RESULTS/compare870/MS.png Graphic file (type png)

<use ./images/RESULTS/compare870/MS.png>
Package pdftex.def Info: ./images/RESULTS/compare870/MS.png used on input line 
92.
(pdftex.def)             Requested size: 196.48357pt x 194.22511pt.
File: ./images/RESULTS/compare870/MSB.png Graphic file (type png)

<use ./images/RESULTS/compare870/MSB.png>
Package pdftex.def Info: ./images/RESULTS/compare870/MSB.png used on input line
 98.
(pdftex.def)             Requested size: 192.11833pt x 189.91006pt.

<./images/RESULTS/compare870/MSBD.png, id=700, 174.6525pt x 172.645pt>
File: ./images/RESULTS/compare870/MSBD.png Graphic file (type png)

<use ./images/RESULTS/compare870/MSBD.png>
Package pdftex.def Info: ./images/RESULTS/compare870/MSBD.png used on input lin
e 99.
(pdftex.def)             Requested size: 192.11833pt x 189.91006pt.
) (./Chapters/Chapter5.tex [28

 <./images/RESULTS/compare870/MS.png (PNG copy)> <./images/RESULTS/compare870/M
SBD.png (PNG copy)>]
Cap\IeC {\'\i }tulo 5.
------------------------------------------------------------------------------
 5 Conclusiones
------------------------------------------------------------------------------

LaTeX Warning: Reference `' on page 29 undefined on input line 16.

File: ./images/RESULTS/compare870/original.png Graphic file (type png)
<use ./images/RESULTS/compare870/original.png>
Package pdftex.def Info: ./images/RESULTS/compare870/original.png used on input
 line 24.
(pdftex.def)             Requested size: 196.48357pt x 194.22511pt.
File: ./images/RESULTS/compare870/MSB.png Graphic file (type png)

<use ./images/RESULTS/compare870/MSB.png>
Package pdftex.def Info: ./images/RESULTS/compare870/MSB.png used on input line
 25.
(pdftex.def)             Requested size: 196.48357pt x 194.22513pt.


LaTeX Warning: `h' float specifier changed to `ht'.

) [29

] [30]
------------------------------------------------------------------------------
 Bibliograf\IeC {\'\i }a
------------------------------------------------------------------------------
(./references.bib
Underfull \hbox (badness 10000) in paragraph at lines 20--21
[]\OT1/cmr/m/n/10.95 Nasa, Dr. Lin Cham-bers. 2016. Di-a-gram of elec-tro-mag-n
etic spec-
 []


Underfull \hbox (badness 10000) in paragraph at lines 20--21
\OT1/cmr/m/n/10.95 trum. https://mynasadata.larc.nasa.gov/science-practices/ele
ctromagnetic-
 []


Underfull \hbox (badness 10000) in paragraph at lines 20--21
\OT1/cmr/m/n/10.95 diagram Di-a-gram of elec-tro-mag-netic spec-trum cour-tesy 
of
 []


Underfull \hbox (badness 10000) in paragraph at lines 20--21
\OT1/cmr/m/n/10.95 NASA.https://mynasadata.larc.nasa.gov/science-practices/elec
tromagnetic-
 []


Underfull \hbox (badness 7397) in paragraph at lines 29--30
[]\OT1/cmr/m/n/10.95 Khare, Kedar. (2016) Fourier Op-tics and Com-pu-ta-tional 
Imag-ing. Re-
 []

[31


]
Underfull \hbox (badness 10000) in paragraph at lines 32--33
[]\OT1/cmr/m/n/10.95 Hemant Ku-mar Ag-gar-wal. 2014. Hy-per-spec-tral De-nois-i
ng. Re-trieved
 []


Underfull \hbox (badness 10000) in paragraph at lines 32--33
\OT1/cmr/m/n/10.95 from https://www.mathworks.com/matlabcentral/fileexchange/46
988-
 []


Underfull \hbox (badness 1199) in paragraph at lines 35--36
[]\OT1/cmr/m/n/10.95 DIGITAL CAM-ERA SEN-SORS. (n.d.). Re-trieved Febru-ary 06,
 2017, from
 []


Underfull \hbox (badness 10000) in paragraph at lines 38--39
[]\OT1/cmr/m/n/10.95 NASA. \OT1/cmr/m/it/10.95 AVIRIS Air-borne Vis-i-ble / In-
frared Imag-ing Spec-trom-e-
 []


Underfull \hbox (badness 10000) in paragraph at lines 38--39
\OT1/cmr/m/it/10.95 ter\OT1/cmr/m/n/10.95 . Free AVIRIS Stan-dard Data Prod-uct
s. United States of Amer-ica.
 []


Underfull \hbox (badness 10000) in paragraph at lines 41--42
[]\OT1/cmr/m/n/10.95 Telops. Ob-tained at March 20th, 2015, Re-trieved from
 []


Underfull \hbox (badness 10000) in paragraph at lines 63--64
[]\OT1/cmr/m/n/10.95 Documentation. (n.d.). Re-trieved Febru-ary 06, 2017, from

 []


Underfull \hbox (badness 10000) in paragraph at lines 66--67
[]\OT1/cmr/m/n/10.95 Documentation. (n.d.). Re-trieved Febru-ary 06, 2017, from

 []

[32])
Package atveryend Info: Empty hook `BeforeClearDocument' on input line 371.
 [33]
Package atveryend Info: Empty hook `AfterLastShipout' on input line 371.
 (./main.aux)
Package atveryend Info: Executing hook `AtVeryEndDocument' on input line 371.
Package atveryend Info: Executing hook `AtEndAfterFileList' on input line 371.
Package rerunfilecheck Info: File `main.out' has not changed.
(rerunfilecheck)             Checksum: FACA393D56D77DB28469701EB3188B7F;8251.


LaTeX Warning: There were undefined references.


LaTeX Warning: There were multiply-defined labels.

Package atveryend Info: Empty hook `AtVeryVeryEnd' on input line 371.
 ) 
Here is how much of TeX's memory you used:
 15621 strings out of 494910
 218613 string characters out of 6179836
 404060 words of memory out of 5000000
 18429 multiletter control sequences out of 15000+600000
 16288 words of font info for 61 fonts, out of 8000000 for 9000
 36 hyphenation exceptions out of 8191
 49i,19n,51p,1074b,575s stack positions out of 5000i,500n,10000p,200000b,80000s
</usr/share/texlive/texmf-dist/fonts/type1/public/amsfonts/cm/cmbx10.pfb></us
r/share/texlive/texmf-dist/fonts/type1/public/amsfonts/cm/cmbx12.pfb></usr/shar
e/texlive/texmf-dist/fonts/type1/public/amsfonts/cm/cmbx8.pfb></usr/share/texli
ve/texmf-dist/fonts/type1/public/amsfonts/cm/cmcsc10.pfb></usr/share/texlive/te
xmf-dist/fonts/type1/public/amsfonts/cm/cmex10.pfb></usr/share/texlive/texmf-di
st/fonts/type1/public/amsfonts/cm/cmmi10.pfb></usr/share/texlive/texmf-dist/fon
ts/type1/public/amsfonts/cm/cmmi6.pfb></usr/share/texlive/texmf-dist/fonts/type
1/public/amsfonts/cm/cmmi8.pfb></usr/share/texlive/texmf-dist/fonts/type1/publi
c/amsfonts/cm/cmr10.pfb></usr/share/texlive/texmf-dist/fonts/type1/public/amsfo
nts/cm/cmr12.pfb></usr/share/texlive/texmf-dist/fonts/type1/public/amsfonts/cm/
cmr6.pfb></usr/share/texlive/texmf-dist/fonts/type1/public/amsfonts/cm/cmr7.pfb
></usr/share/texlive/texmf-dist/fonts/type1/public/amsfonts/cm/cmr8.pfb></usr/s
hare/texlive/texmf-dist/fonts/type1/public/amsfonts/cm/cmr9.pfb></usr/share/tex
live/texmf-dist/fonts/type1/public/amsfonts/cm/cmsy10.pfb></usr/share/texlive/t
exmf-dist/fonts/type1/public/amsfonts/cm/cmsy6.pfb></usr/share/texlive/texmf-di
st/fonts/type1/public/amsfonts/cm/cmsy7.pfb></usr/share/texlive/texmf-dist/font
s/type1/public/amsfonts/cm/cmsy8.pfb></usr/share/texlive/texmf-dist/fonts/type1
/public/amsfonts/cm/cmti10.pfb></usr/share/texlive/texmf-dist/fonts/type1/publi
c/amsfonts/cm/cmti12.pfb>
Output written on main.pdf (42 pages, 6215969 bytes).
PDF statistics:
 848 PDF objects out of 1000 (max. 8388607)
 721 compressed objects within 8 object streams
 192 named destinations out of 1000 (max. 500000)
 554 words of extra memory for PDF output out of 10000 (max. 10000000)

