\BOOKMARK [0][-]{dummy.1}{\376\377\000R\000e\000s\000u\000m\000e\000n}{}% 1
\BOOKMARK [0][-]{dummy.2}{\376\377\000D\000e\000d\000i\000c\000a\000t\000o\000r\000i\000a}{}% 2
\BOOKMARK [0][-]{dummy.3}{\376\377\000\315\000n\000d\000i\000c\000e}{}% 3
\BOOKMARK [0][-]{dummy.5}{\376\377\000\315\000n\000d\000i\000c\000e\000\040\000d\000e\000\040\000F\000i\000g\000u\000r\000a\000s}{}% 4
\BOOKMARK [0][-]{dummy.7}{\376\377\000\315\000n\000d\000i\000c\000e\000\040\000d\000e\000\040\000T\000a\000b\000l\000a\000s}{}% 5
\BOOKMARK [0][-]{chapter*.9}{\376\377\000G\000l\000o\000s\000a\000r\000i\000o}{}% 6
\BOOKMARK [0][-]{chapter.10}{\376\377\0001\000\040\000I\000n\000t\000r\000o\000d\000u\000c\000c\000i\000\363\000n}{}% 7
\BOOKMARK [1][-]{section.11}{\376\377\0001\000.\0001\000\040\000C\000o\000n\000c\000e\000p\000t\000o\000s\000\040\000i\000n\000t\000r\000o\000d\000u\000c\000t\000o\000r\000i\000o\000s}{chapter.10}% 8
\BOOKMARK [1][-]{section.12}{\376\377\0001\000.\0002\000\040\000M\000o\000t\000i\000v\000a\000c\000i\000\363\000n}{chapter.10}% 9
\BOOKMARK [1][-]{section.13}{\376\377\0001\000.\0003\000\040\000D\000e\000s\000c\000r\000i\000p\000c\000i\000\363\000n\000\040\000d\000e\000l\000\040\000p\000r\000o\000b\000l\000e\000m\000a}{chapter.10}% 10
\BOOKMARK [1][-]{section.14}{\376\377\0001\000.\0004\000\040\000H\000i\000p\000\363\000t\000e\000s\000i\000s}{chapter.10}% 11
\BOOKMARK [1][-]{section.15}{\376\377\0001\000.\0005\000\040\000O\000b\000j\000e\000t\000i\000v\000o\000s}{chapter.10}% 12
\BOOKMARK [2][-]{subsection.16}{\376\377\0001\000.\0005\000.\0001\000\040\000O\000b\000j\000e\000t\000i\000v\000o\000\040\000G\000e\000n\000e\000r\000a\000l}{section.15}% 13
\BOOKMARK [2][-]{subsection.17}{\376\377\0001\000.\0005\000.\0002\000\040\000O\000b\000j\000e\000t\000i\000v\000o\000s\000\040\000e\000s\000p\000e\000c\000\355\000f\000i\000c\000o\000s}{section.15}% 14
\BOOKMARK [1][-]{section.22}{\376\377\0001\000.\0006\000\040\000C\000o\000n\000t\000r\000i\000b\000u\000c\000i\000o\000n\000e\000s\000\040\000o\000r\000i\000g\000i\000n\000a\000l\000e\000s}{chapter.10}% 15
\BOOKMARK [1][-]{section.23}{\376\377\0001\000.\0007\000\040\000O\000r\000g\000a\000n\000i\000z\000a\000c\000i\000\363\000n\000\040\000d\000e\000l\000\040\000d\000o\000c\000u\000m\000e\000n\000t\000o}{chapter.10}% 16
\BOOKMARK [0][-]{chapter.24}{\376\377\0002\000\040\000M\000a\000r\000c\000o\000\040\000t\000e\000\363\000r\000i\000c\000o}{}% 17
\BOOKMARK [1][-]{section.25}{\376\377\0002\000.\0001\000\040\000I\000m\000\341\000g\000e\000n\000e\000s\000\040\000e\000s\000p\000e\000c\000t\000r\000a\000l\000e\000s}{chapter.24}% 18
\BOOKMARK [2][-]{subsection.26}{\376\377\0002\000.\0001\000.\0001\000\040\000E\000s\000p\000e\000c\000t\000r\000o\000\040\000e\000l\000e\000c\000t\000r\000o\000m\000a\000g\000n\000\351\000t\000i\000c\000o}{section.25}% 19
\BOOKMARK [2][-]{subsection.31}{\376\377\0002\000.\0001\000.\0002\000\040\000F\000i\000r\000m\000a\000s\000\040\000e\000s\000p\000e\000c\000t\000r\000a\000l\000e\000s}{section.25}% 20
\BOOKMARK [2][-]{subsection.35}{\376\377\0002\000.\0001\000.\0003\000\040\000I\000m\000a\000g\000e\000n\000\040\000e\000s\000p\000e\000c\000t\000r\000a\000l}{section.25}% 21
\BOOKMARK [2][-]{subsection.37}{\376\377\0002\000.\0001\000.\0004\000\040\000I\000m\000a\000g\000e\000n\000\040\000M\000u\000l\000t\000i\000e\000s\000p\000e\000c\000t\000r\000a\000l}{section.25}% 22
\BOOKMARK [2][-]{subsection.39}{\376\377\0002\000.\0001\000.\0005\000\040\000I\000m\000a\000g\000e\000n\000\040\000H\000i\000p\000e\000r\000e\000s\000p\000e\000c\000t\000r\000a\000l}{section.25}% 23
\BOOKMARK [1][-]{section.41}{\376\377\0002\000.\0002\000\040\000C\000T\000I\000S}{chapter.24}% 24
\BOOKMARK [2][-]{subsection.43}{\376\377\0002\000.\0002\000.\0001\000\040\000C\000a\000l\000i\000b\000r\000a\000c\000i\000\363\000n\000\040\000e\000s\000p\000a\000c\000i\000a\000l}{section.41}% 25
\BOOKMARK [2][-]{subsection.44}{\376\377\0002\000.\0002\000.\0002\000\040\000C\000a\000l\000i\000b\000r\000a\000c\000i\000\363\000n\000\040\000e\000s\000p\000e\000c\000t\000r\000a\000l}{section.41}% 26
\BOOKMARK [2][-]{subsection.45}{\376\377\0002\000.\0002\000.\0003\000\040\000M\000e\000d\000i\000c\000i\000\363\000n\000\040\000d\000e\000\040\000s\000l\000i\000t\000\040\000e\000s\000p\000e\000c\000t\000r\000a\000l\000\040\000e\000\040\000i\000n\000t\000e\000r\000p\000o\000l\000a\000c\000i\000\363\000n\000\040\000c\000r\000o\000m\000\341\000t\000i\000c\000a}{section.41}% 27
\BOOKMARK [2][-]{subsection.48}{\376\377\0002\000.\0002\000.\0004\000\040\000C\000a\000l\000i\000b\000r\000a\000c\000i\000\363\000n\000\040\000h\000i\000p\000e\000r\000e\000s\000p\000e\000c\000t\000r\000a\000l}{section.41}% 28
\BOOKMARK [3][-]{subsubsection.49}{\376\377\0002\000.\0002\000.\0004\000.\0001\000\040\000T\000e\000o\000r\000\355\000a\000\040\000d\000e\000\040\000r\000e\000c\000o\000n\000s\000t\000r\000u\000c\000c\000i\000\363\000n\000\040\000C\000T\000I\000S}{subsection.48}% 29
\BOOKMARK [3][-]{subsubsection.52}{\376\377\0002\000.\0002\000.\0004\000.\0002\000\040\000C\000a\000l\000i\000b\000r\000a\000c\000i\000\363\000n\000\040\000e\000s\000p\000a\000c\000i\000a\000l\000\040\000h\000i\000p\000e\000r\000e\000s\000p\000e\000c\000t\000r\000a\000l}{subsection.48}% 30
\BOOKMARK [3][-]{subsubsection.53}{\376\377\0002\000.\0002\000.\0004\000.\0003\000\040\000M\000e\000d\000i\000c\000i\000\363\000n\000\040\000d\000e\000\040\000i\000m\000\341\000g\000e\000n\000e\000s\000\040\000h\000i\000p\000e\000r\000e\000s\000p\000e\000c\000t\000r\000a\000l\000e\000s}{subsection.48}% 31
\BOOKMARK [3][-]{subsubsection.54}{\376\377\0002\000.\0002\000.\0004\000.\0004\000\040\000I\000n\000t\000e\000r\000p\000o\000l\000a\000c\000i\000\363\000n\000\040\000c\000r\000o\000m\000\341\000t\000i\000c\000a\000\040\000e\000s\000p\000a\000c\000i\000a\000l\000\040\000y\000\040\000r\000e\000c\000o\000n\000s\000t\000r\000u\000c\000c\000i\000\363\000n}{subsection.48}% 32
\BOOKMARK [1][-]{section.56}{\376\377\0002\000.\0003\000\040\000M\000o\000s\000a\000i\000c\000o\000\040\000d\000e\000\040\000B\000a\000y\000e\000r\000B\000a\000y\000e\000r}{chapter.24}% 33
\BOOKMARK [1][-]{section.58}{\376\377\0002\000.\0004\000\040\000M\000\351\000t\000o\000d\000o\000\040\000d\000e\000\040\000M\000a\000l\000v\000a\000r\000,\000\040\000H\000e\000\040\000y\000\040\000C\000u\000t\000l\000e\000r}{chapter.24}% 34
\BOOKMARK [1][-]{section.65}{\376\377\0002\000.\0005\000\040\000G\000a\000u\000s\000s\000i\000a\000n\000\040\000b\000l\000u\000r\000B\000l\000u\000r}{chapter.24}% 35
\BOOKMARK [1][-]{section.67}{\376\377\0002\000.\0006\000\040\000S\000h\000a\000r\000p\000e\000n\000d\000e\000r\000S\000h\000a\000r\000p}{chapter.24}% 36
\BOOKMARK [1][-]{section.68}{\376\377\0002\000.\0007\000\040\000G\000P\000A}{chapter.24}% 37
\BOOKMARK [2][-]{subsection.69}{\376\377\0002\000.\0007\000.\0001\000\040\000T\000r\000a\000n\000s\000f\000o\000r\000m\000a\000d\000a\000\040\000d\000e\000\040\000F\000o\000u\000r\000i\000e\000r}{section.68}% 38
\BOOKMARK [3][-]{subsubsection.70}{\376\377\0002\000.\0007\000.\0001\000.\0001\000\040\000S\000e\000r\000i\000e\000s\000\040\000d\000e\000\040\000F\000o\000u\000r\000i\000e\000r\000\040\000F\000o\000u\000r\000i\000e\000r\000B\000o\000o\000k}{subsection.69}% 39
\BOOKMARK [2][-]{subsection.78}{\376\377\0002\000.\0007\000.\0002\000\040\000T\000r\000a\000n\000s\000f\000o\000r\000m\000a\000d\000a\000s\000\040\000d\000e\000\040\000W\000a\000v\000a\000l\000e\000t}{section.68}% 40
\BOOKMARK [3][-]{subsubsection.83}{\376\377\0002\000.\0007\000.\0002\000.\0001\000\040\000D\000a\000u\000b\000e\000c\000h\000i\000e\000s}{subsection.78}% 41
\BOOKMARK [0][-]{chapter.87}{\376\377\0003\000\040\000P\000r\000o\000p\000u\000e\000s\000t\000a}{}% 42
\BOOKMARK [1][-]{section.88}{\376\377\0003\000.\0001\000\040\000P\000r\000o\000c\000e\000s\000o}{chapter.87}% 43
\BOOKMARK [0][-]{chapter.90}{\376\377\0004\000\040\000R\000e\000s\000u\000l\000t\000a\000d\000o\000s}{}% 44
\BOOKMARK [1][-]{section.91}{\376\377\0004\000.\0001\000\040\000I\000m\000\341\000g\000e\000n\000e\000s\000\040\000o\000b\000t\000e\000n\000i\000d\000a\000s}{chapter.90}% 45
\BOOKMARK [0][-]{chapter.118}{\376\377\0005\000\040\000C\000o\000n\000c\000l\000u\000s\000i\000o\000n\000e\000s}{}% 46
\BOOKMARK [0][-]{dummy.122}{\376\377\000B\000i\000b\000l\000i\000o\000g\000r\000a\000f\000\355\000a}{}% 47
